<?xml version="1.0" encoding="UTF-8"?>
<!-- Generated by org.testng.reporters.JUnitXMLReporter -->
<testsuite ignored="0" hostname="Bhushan-More.local" failures="0" tests="3" name="Test" time="101.237" errors="0" timestamp="05 Jun 2019 05:34:01 GMT">
  <testcase classname="com.qa.Dream11.testcases.RegressionPWA" name="registerUser" time="16.32"/>
  <testcase classname="com.qa.Dream11.testcases.RegressionPWA" name="selectRound" time="1.744"/>
  <testcase classname="com.qa.Dream11.testcases.RegressionPWA" name="createTeam" time="75.443"/>
</testsuite> <!-- Test -->
