<?xml version="1.0" encoding="UTF-8"?>
<testng-results ignored="0" total="3" passed="3" failed="0" skipped="0">
  <reporter-output>
  </reporter-output>
  <suite started-at="2019-06-05T05:32:19Z" name="Suite" finished-at="2019-06-05T05:34:01Z" duration-ms="101237">
    <groups>
    </groups>
    <test started-at="2019-06-05T05:32:19Z" name="Test" finished-at="2019-06-05T05:34:01Z" duration-ms="101237">
      <class name="com.qa.Dream11.testcases.RegressionPWA">
        <test-method is-config="true" signature="start()[pri:0, instance:com.qa.Dream11.testcases.RegressionPWA@5ea434c8]" started-at="2019-06-05T11:02:19Z" name="start" finished-at="2019-06-05T11:02:27Z" duration-ms="7710" status="PASS">
          <reporter-output>
          </reporter-output>
        </test-method> <!-- start -->
        <test-method signature="registerUser()[pri:1, instance:com.qa.Dream11.testcases.RegressionPWA@5ea434c8]" started-at="2019-06-05T11:02:27Z" name="registerUser" finished-at="2019-06-05T11:02:43Z" duration-ms="16320" status="PASS">
          <reporter-output>
          </reporter-output>
        </test-method> <!-- registerUser -->
        <test-method signature="selectRound()[pri:2, instance:com.qa.Dream11.testcases.RegressionPWA@5ea434c8]" started-at="2019-06-05T11:02:43Z" name="selectRound" finished-at="2019-06-05T11:02:45Z" duration-ms="1744" status="PASS">
          <reporter-output>
          </reporter-output>
        </test-method> <!-- selectRound -->
        <test-method signature="createTeam()[pri:3, instance:com.qa.Dream11.testcases.RegressionPWA@5ea434c8]" started-at="2019-06-05T11:02:45Z" name="createTeam" finished-at="2019-06-05T11:04:01Z" duration-ms="75443" status="PASS">
          <reporter-output>
          </reporter-output>
        </test-method> <!-- createTeam -->
        <test-method is-config="true" signature="close()[pri:0, instance:com.qa.Dream11.testcases.RegressionPWA@5ea434c8]" started-at="2019-06-05T11:04:01Z" name="close" finished-at="2019-06-05T11:04:01Z" duration-ms="1" status="PASS">
          <reporter-output>
          </reporter-output>
        </test-method> <!-- close -->
      </class> <!-- com.qa.Dream11.testcases.RegressionPWA -->
    </test> <!-- Test -->
  </suite> <!-- Suite -->
</testng-results>
